[    0.000000] Linux version 4.15.0-72-generic (buildd@lcy01-amd64-026) (gcc version 7.4.0 (Ubuntu 7.4.0-1ubuntu1~18.04.1)) #81-Ubuntu SMP Tue Nov 26 12:20:02 UTC 2019 (Ubuntu 4.15.0-72.81-generic 4.15.18)
[    0.000000] Command line: BOOT_IMAGE=/boot/vmlinuz-4.15.0-72-generic root=LABEL=cloudimg-rootfs ro console=tty1 console=ttyS0
[    0.000000] KERNEL supported cpus:
[    0.000000]   Intel GenuineIntel
[    0.000000]   AMD AuthenticAMD
[    0.000000]   Centaur CentaurHauls
[    0.000000] x86/fpu: x87 FPU will use FXSAVE
[    0.000000] e820: BIOS-provided physical RAM map:
[    0.000000] BIOS-e820: [mem 0x0000000000000000-0x000000000009fbff] usable
[    0.000000] BIOS-e820: [mem 0x000000000009fc00-0x000000000009ffff] reserved
[    0.000000] BIOS-e820: [mem 0x00000000000f0000-0x00000000000fffff] reserved
[    0.000000] BIOS-e820: [mem 0x0000000000100000-0x000000007ffeffff] usable
[    0.000000] BIOS-e820: [mem 0x000000007fff0000-0x000000007fffffff] ACPI data
[    0.000000] BIOS-e820: [mem 0x00000000fec00000-0x00000000fec00fff] reserved
[    0.000000] BIOS-e820: [mem 0x00000000fee00000-0x00000000fee00fff] reserved
[    0.000000] BIOS-e820: [mem 0x00000000fffc0000-0x00000000ffffffff] reserved
[    0.000000] NX (Execute Disable) protection: active
[    0.000000] SMBIOS 2.5 present.
[    0.000000] DMI: innotek GmbH VirtualBox/VirtualBox, BIOS VirtualBox 12/01/2006
[    0.000000] Hypervisor detected: KVM
[    0.000000] e820: last_pfn = 0x7fff0 max_arch_pfn = 0x400000000
[    0.000000] MTRR: Disabled
[    0.000000] x86/PAT: MTRRs disabled, skipping PAT initialization too.
[    0.000000] CPU MTRRs all blank - virtualized system.
[    0.000000] x86/PAT: Configuration [0-7]: WB  WT  UC- UC  WB  WT  UC- UC  
[    0.000000] found SMP MP-table at [mem 0x0009fff0-0x0009ffff]
[    0.000000] Scanning 1 areas for low memory corruption
[    0.000000] RAMDISK: [mem 0x35a6d000-0x36d2dfff]
[    0.000000] ACPI: Early table checksum verification disabled
[    0.000000] ACPI: RSDP 0x00000000000E0000 000024 (v02 VBOX  )
[    0.000000] ACPI: XSDT 0x000000007FFF0030 00003C (v01 VBOX   VBOXXSDT 00000001 ASL  00000061)
[    0.000000] ACPI: FACP 0x000000007FFF00F0 0000F4 (v04 VBOX   VBOXFACP 00000001 ASL  00000061)
[    0.000000] ACPI: DSDT 0x000000007FFF0470 0022EA (v02 VBOX   VBOXBIOS 00000002 INTL 20190509)
[    0.000000] ACPI: FACS 0x000000007FFF0200 000040
[    0.000000] ACPI: FACS 0x000000007FFF0200 000040
[    0.000000] ACPI: APIC 0x000000007FFF0240 00005C (v02 VBOX   VBOXAPIC 00000001 ASL  00000061)
[    0.000000] ACPI: SSDT 0x000000007FFF02A0 0001CC (v01 VBOX   VBOXCPUT 00000002 INTL 20190509)
[    0.000000] No NUMA configuration found
[    0.000000] Faking a node at [mem 0x0000000000000000-0x000000007ffeffff]
[    0.000000] NODE_DATA(0) allocated [mem 0x7ffc5000-0x7ffeffff]
[    0.000000] kvm-clock: cpu 0, msr 0:7ff44001, primary cpu clock
[    0.000000] kvm-clock: Using msrs 4b564d01 and 4b564d00
[    0.000000] kvm-clock: using sched offset of 5031559464 cycles
[    0.000000] clocksource: kvm-clock: mask: 0xffffffffffffffff max_cycles: 0x1cd42e4dffb, max_idle_ns: 881590591483 ns
[    0.000000] Zone ranges:
[    0.000000]   DMA      [mem 0x0000000000001000-0x0000000000ffffff]
[    0.000000]   DMA32    [mem 0x0000000001000000-0x000000007ffeffff]
[    0.000000]   Normal   empty
[    0.000000]   Device   empty
[    0.000000] Movable zone start for each node
[    0.000000] Early memory node ranges
[    0.000000]   node   0: [mem 0x0000000000001000-0x000000000009efff]
[    0.000000]   node   0: [mem 0x0000000000100000-0x000000007ffeffff]
[    0.000000] Reserved but unavailable: 98 pages
[    0.000000] Initmem setup node 0 [mem 0x0000000000001000-0x000000007ffeffff]
[    0.000000] ACPI: PM-Timer IO Port: 0x4008
[    0.000000] IOAPIC[0]: apic_id 2, version 32, address 0xfec00000, GSI 0-23
[    0.000000] ACPI: INT_SRC_OVR (bus 0 bus_irq 0 global_irq 2 dfl dfl)
[    0.000000] ACPI: INT_SRC_OVR (bus 0 bus_irq 9 global_irq 9 low level)
[    0.000000] Using ACPI (MADT) for SMP configuration information
[    0.000000] smpboot: Allowing 2 CPUs, 0 hotplug CPUs
[    0.000000] PM: Registered nosave memory: [mem 0x00000000-0x00000fff]
[    0.000000] PM: Registered nosave memory: [mem 0x0009f000-0x0009ffff]
[    0.000000] PM: Registered nosave memory: [mem 0x000a0000-0x000effff]
[    0.000000] PM: Registered nosave memory: [mem 0x000f0000-0x000fffff]
[    0.000000] e820: [mem 0x80000000-0xfebfffff] available for PCI devices
[    0.000000] Booting paravirtualized kernel on KVM
[    0.000000] clocksource: refined-jiffies: mask: 0xffffffff max_cycles: 0xffffffff, max_idle_ns: 7645519600211568 ns
[    0.000000] random: get_random_bytes called from start_kernel+0x99/0x4fd with crng_init=0
[    0.000000] setup_percpu: NR_CPUS:8192 nr_cpumask_bits:2 nr_cpu_ids:2 nr_node_ids:1
[    0.000000] percpu: Embedded 45 pages/cpu s147456 r8192 d28672 u1048576
[    0.000000] PV qspinlock hash table entries: 256 (order: 0, 4096 bytes)
[    0.000000] Built 1 zonelists, mobility grouping on.  Total pages: 515961
[    0.000000] Policy zone: DMA32
[    0.000000] Kernel command line: BOOT_IMAGE=/boot/vmlinuz-4.15.0-72-generic root=LABEL=cloudimg-rootfs ro console=tty1 console=ttyS0
[    0.000000] Memory: 2015584K/2096696K available (12300K kernel code, 2481K rwdata, 4264K rodata, 2428K init, 2388K bss, 81112K reserved, 0K cma-reserved)
[    0.000000] SLUB: HWalign=64, Order=0-3, MinObjects=0, CPUs=2, Nodes=1
[    0.000000] Kernel/User page tables isolation: enabled
[    0.000000] ftrace: allocating 39318 entries in 154 pages
[    0.004000] Hierarchical RCU implementation.
[    0.004000] 	RCU restricting CPUs from NR_CPUS=8192 to nr_cpu_ids=2.
[    0.004000] 	Tasks RCU enabled.
[    0.004000] RCU: Adjusting geometry for rcu_fanout_leaf=16, nr_cpu_ids=2
[    0.004000] NR_IRQS: 524544, nr_irqs: 440, preallocated irqs: 16
[    0.004000] Console: colour VGA+ 80x25
[    0.004000] console [tty1] enabled
[    0.004000] console [ttyS0] enabled
[    0.004000] ACPI: Core revision 20170831
[    0.004000] ACPI: 2 ACPI AML tables successfully acquired and loaded
[    0.004000] APIC: Switch to symmetric I/O mode setup
[    0.004105] x2apic enabled
[    0.006820] Switched APIC routing to physical x2apic.
[    0.010953] ..TIMER: vector=0x30 apic1=0 pin1=2 apic2=-1 pin2=-1
[    0.012016] tsc: Detected 1599.999 MHz processor
[    0.014788] Calibrating delay loop (skipped) preset value.. 3199.99 BogoMIPS (lpj=6399996)
[    0.016027] pid_max: default: 32768 minimum: 301
[    0.020140] Security Framework initialized
[    0.023095] Yama: becoming mindful.
[    0.024093] AppArmor: AppArmor initialized
[    0.030953] Dentry cache hash table entries: 262144 (order: 9, 2097152 bytes)
[    0.038591] Inode-cache hash table entries: 131072 (order: 8, 1048576 bytes)
[    0.040098] Mount-cache hash table entries: 4096 (order: 3, 32768 bytes)
[    0.044045] Mountpoint-cache hash table entries: 4096 (order: 3, 32768 bytes)
[    0.048644] Last level iTLB entries: 4KB 48, 2MB 0, 4MB 0
[    0.052019] Last level dTLB entries: 4KB 256, 2MB 16, 4MB 16, 1GB 0
[    0.056010] Spectre V1 : Mitigation: usercopy/swapgs barriers and __user pointer sanitization
[    0.060010] Spectre V2 : Mitigation: Full generic retpoline
[    0.064004] Spectre V2 : Spectre v2 / SpectreRSB mitigation: Filling RSB on context switch
[    0.068118] MDS: Vulnerable: Clear CPU buffers attempted, no microcode
[    0.072320] Freeing SMP alternatives memory: 36K
[    0.189518] smpboot: CPU0: Intel(R) Atom(TM) x7-Z8750  CPU @ 1.60GHz (family: 0x6, model: 0x4c, stepping: 0x4)
[    0.192289] Performance Events: unsupported p6 CPU model 76 no PMU driver, software events only.
[    0.196139] Hierarchical SRCU implementation.
[    0.201288] NMI watchdog: Perf event create on CPU 0 failed with -2
[    0.204023] NMI watchdog: Perf NMI watchdog permanently disabled
[    0.208261] smp: Bringing up secondary CPUs ...
[    0.212439] x86: Booting SMP configuration:
[    0.216023] .... node  #0, CPUs:      #1
[    0.004000] kvm-clock: cpu 1, msr 0:7ff44041, secondary cpu clock
[    0.224112] smp: Brought up 1 node, 2 CPUs
[    0.228034] smpboot: Max logical packages: 1
[    0.231719] smpboot: Total of 2 processors activated (6399.99 BogoMIPS)
[    0.232886] devtmpfs: initialized
[    0.236138] x86/mm: Memory block size: 128MB
[    0.240330] evm: security.selinux
[    0.242877] evm: security.SMACK64
[    0.244010] evm: security.SMACK64EXEC
[    0.246022] evm: security.SMACK64TRANSMUTE
[    0.248008] evm: security.SMACK64MMAP
[    0.250029] evm: security.apparmor
[    0.252008] evm: security.ima
[    0.253715] evm: security.capability
[    0.256310] clocksource: jiffies: mask: 0xffffffff max_cycles: 0xffffffff, max_idle_ns: 7645041785100000 ns
[    0.260055] futex hash table entries: 512 (order: 3, 32768 bytes)
[    0.264202] pinctrl core: initialized pinctrl subsystem
[    0.268312] RTC time:  4:26:19, date: 12/26/19
[    0.271401] NET: Registered protocol family 16
[    0.272251] audit: initializing netlink subsys (disabled)
[    0.276128] audit: type=2000 audit(1577334386.159:1): state=initialized audit_enabled=0 res=1
[    0.284026] cpuidle: using governor ladder
[    0.287352] cpuidle: using governor menu
[    0.288275] ACPI: bus type PCI registered
[    0.292024] acpiphp: ACPI Hot Plug PCI Controller Driver version: 0.5
[    0.296366] PCI: Using configuration type 1 for base access
[    0.308104] HugeTLB registered 2.00 MiB page size, pre-allocated 0 pages
[    0.312323] ACPI: Added _OSI(Module Device)
[    0.316044] ACPI: Added _OSI(Processor Device)
[    0.320019] ACPI: Added _OSI(3.0 _SCP Extensions)
[    0.324025] ACPI: Added _OSI(Processor Aggregator Device)
[    0.327069] ACPI: Added _OSI(Linux-Dell-Video)
[    0.328023] ACPI: Added _OSI(Linux-Lenovo-NV-HDMI-Audio)
[    0.332023] ACPI: Added _OSI(Linux-HPI-Hybrid-Graphics)
[    0.336857] ACPI: Executed 1 blocks of module-level executable AML code
[    0.352554] ACPI: Interpreter enabled
[    0.355883] ACPI: (supports S0 S5)
[    0.356021] ACPI: Using IOAPIC for interrupt routing
[    0.365646] PCI: Using host bridge windows from ACPI; if necessary, use "pci=nocrs" and report a bug
[    0.369639] ACPI: Enabled 2 GPEs in block 00 to 07
[    0.394865] ACPI: PCI Root Bridge [PCI0] (domain 0000 [bus 00-ff])
[    0.396057] acpi PNP0A03:00: _OSC: OS supports [ASPM ClockPM Segments MSI]
[    0.405938] acpi PNP0A03:00: _OSC: not requesting OS control; OS requires [ExtendedConfig ASPM ClockPM MSI]
[    0.408087] acpi PNP0A03:00: fail to add MMCONFIG information, can't access extended PCI configuration space under this bridge.
[    0.413260] PCI host bridge to bus 0000:00
[    0.416033] pci_bus 0000:00: root bus resource [io  0x0000-0x0cf7 window]
[    0.420028] pci_bus 0000:00: root bus resource [io  0x0d00-0xffff window]
[    0.424040] pci_bus 0000:00: root bus resource [mem 0x000a0000-0x000bffff window]
[    0.428100] pci_bus 0000:00: root bus resource [mem 0x80000000-0xfdffffff window]
[    0.432038] pci_bus 0000:00: root bus resource [bus 00-ff]
[    0.443548] pci 0000:00:01.1: legacy IDE quirk: reg 0x10: [io  0x01f0-0x01f7]
[    0.444025] pci 0000:00:01.1: legacy IDE quirk: reg 0x14: [io  0x03f6]
[    0.448026] pci 0000:00:01.1: legacy IDE quirk: reg 0x18: [io  0x0170-0x0177]
[    0.452024] pci 0000:00:01.1: legacy IDE quirk: reg 0x1c: [io  0x0376]
[    0.572235] pci 0000:00:07.0: quirk: [io  0x4000-0x403f] claimed by PIIX4 ACPI
[    0.576060] pci 0000:00:07.0: quirk: [io  0x4100-0x410f] claimed by PIIX4 SMB
[    0.655311] ACPI: PCI Interrupt Link [LNKA] (IRQs 5 9 10 *11)
[    0.657130] ACPI: PCI Interrupt Link [LNKB] (IRQs 5 9 *10 11)
[    0.660409] ACPI: PCI Interrupt Link [LNKC] (IRQs 5 *9 10 11)
[    0.664377] ACPI: PCI Interrupt Link [LNKD] (IRQs 5 9 10 *11)
[    0.669191] SCSI subsystem initialized
[    0.676069] pci 0000:00:02.0: vgaarb: setting as boot VGA device
[    0.679341] pci 0000:00:02.0: vgaarb: VGA device added: decodes=io+mem,owns=io+mem,locks=none
[    0.680017] pci 0000:00:02.0: vgaarb: bridge control possible
[    0.684009] vgaarb: loaded
[    0.688131] ACPI: bus type USB registered
[    0.690796] usbcore: registered new interface driver usbfs
[    0.692037] usbcore: registered new interface driver hub
[    0.696093] usbcore: registered new device driver usb
[    0.698824] EDAC MC: Ver: 3.0.0
[    0.700687] PCI: Using ACPI for IRQ routing
[    0.704773] NetLabel: Initializing
[    0.708012] NetLabel:  domain hash size = 128
[    0.710310] NetLabel:  protocols = UNLABELED CIPSOv4 CALIPSO
[    0.712089] NetLabel:  unlabeled traffic allowed by default
[    0.716271] clocksource: Switched to clocksource kvm-clock
[    0.750471] VFS: Disk quotas dquot_6.6.0
[    0.752733] VFS: Dquot-cache hash table entries: 512 (order 0, 4096 bytes)
[    0.756393] AppArmor: AppArmor Filesystem Enabled
[    0.758970] pnp: PnP ACPI init
[    0.763543] pnp: PnP ACPI: found 3 devices
[    0.781965] clocksource: acpi_pm: mask: 0xffffff max_cycles: 0xffffff, max_idle_ns: 2085701024 ns
[    0.786561] NET: Registered protocol family 2
[    0.789373] TCP established hash table entries: 16384 (order: 5, 131072 bytes)
[    0.793146] TCP bind hash table entries: 16384 (order: 6, 262144 bytes)
[    0.796373] TCP: Hash tables configured (established 16384 bind 16384)
[    0.802077] UDP hash table entries: 1024 (order: 3, 32768 bytes)
[    0.807723] UDP-Lite hash table entries: 1024 (order: 3, 32768 bytes)
[    0.817628] NET: Registered protocol family 1
[    0.820237] pci 0000:00:00.0: Limiting direct PCI/PCI transfers
[    0.824250] pci 0000:00:01.0: Activating ISA DMA hang workarounds
[    0.827872] pci 0000:00:02.0: Video device with shadowed ROM at [mem 0x000c0000-0x000dffff]
[    0.832777] Unpacking initramfs...
[    1.344023] Freeing initrd memory: 19204K
[    1.349241] clocksource: tsc: mask: 0xffffffffffffffff max_cycles: 0x171023f09ff, max_idle_ns: 440795233615 ns
[    1.357197] platform rtc_cmos: registered platform RTC device (no PNP device found)
[    1.361863] Scanning for low memory corruption every 60 seconds
[    1.370544] Initialise system trusted keyrings
[    1.373055] Key type blacklist registered
[    1.375932] workingset: timestamp_bits=36 max_order=19 bucket_order=0
[    1.381248] zbud: loaded
[    1.385296] squashfs: version 4.0 (2009/01/31) Phillip Lougher
[    1.389988] fuse init (API version 7.26)
[    1.407823] Key type asymmetric registered
[    1.411190] Asymmetric key parser 'x509' registered
[    1.414926] Block layer SCSI generic (bsg) driver version 0.4 loaded (major 246)
[    1.420634] io scheduler noop registered
[    1.423494] io scheduler deadline registered
[    1.426123] io scheduler cfq registered (default)
[    1.429693] ACPI: AC Adapter [AC] (on-line)
[    1.432569] input: Power Button as /devices/LNXSYSTM:00/LNXPWRBN:00/input/input0
[    1.436720] ACPI: Power Button [PWRF]
[    1.438817] input: Sleep Button as /devices/LNXSYSTM:00/LNXSLPBN:00/input/input1
[    1.443091] ACPI: Sleep Button [SLPF]
[    1.448831] ACPI: Battery Slot [BAT0] (battery present)
[    1.449095] Serial: 8250/16550 driver, 32 ports, IRQ sharing enabled
[    1481138] 0:02: ttyS at I/O 03f8 (irq= 4, basebaud = 11200) is a16550A
[    1.502978] Linux agpgart interface v0.103
[    1.512139] loop: module loaded
[    1.522075] scsi host0: ata_piix
[    1.526417] scsi host1: ata_piix
[    1.528401] ata1: PATA max UDMA/33 cmd 0x1f0 ctl 0x3f6 bmdma 0xd000 irq 14
[    1.532079] ata2: PATA max UDMA/33 cmd 0x170 ctl 0x376 bmdma 0xd008 irq 15
[    1.535925] libphy: Fixed MDIO Bus: probed
[    1.538829] tun: Universal TUN/TAP device driver, 1.6
[    1.542515] PPP generic driver version 2.4.2
[    1.544867] ehci_hcd: USB 2.0 'Enhanced' Host Controller (EHCI) Driver
[    1.548120] ehci-pci: EHCI PCI platform driver
[    1.550677] ehci-platform: EHCI generic platform driver
[    1.553379] ohci_hcd: USB 1.1 'Open' Host Controller (OHCI) Driver
[    1.556367] ohci-pci: OHCI PCI platform driver
[    1.558678] ohci-platform: OHCI generic platform driver
[    1.561293] uhci_hcd: USB Universal Host Controller Interface driver
[    1.564549] i8042: PNP: PS/2 Controller [PNP0303:PS2K,PNP0f03:PS2M] at 0x60,0x64 irq 1,12
[    1.570283] serio: i8042 KBD port at 0x60,0x64 irq 1
[    1.572951] serio: i8042 AUX port at 0x60,0x64 irq 12
[    1.575712] mousedev: PS/2 mouse device common for all mice
[    1.579333] input: AT Translated Set 2 keyboard as /devices/platform/i8042/serio0/input/input2
[    1.584896] rtc_cmos rtc_cmos: rtc core: registered rtc_cmos as rtc0
[    1.588363] rtc_cmos rtc_cmos: alarms up to one day, 114 bytes nvram
[    1.591655] i2c /dev entries driver
[    1.593876] device-mapper: uevent: version 1.0.3
[    1.596723] device-mapper: ioctl: 4.37.0-ioctl (2017-09-20) initialised: dm-devel@redhat.com
[    1.601162] ledtrig-cpu: registered to indicate activity on CPUs
[    1.605633] NET: Registered protocol family 10
[    1.626893] Segment Routing with IPv6
[    1.633766] NET: Registered protocol family 17
[    1.637714] Key type dns_resolver registered
[    1.642715] mce: Using 0 MCE banks
[    1.645193] RAS: Correctable Errors collector initialized.
[    1.650752] sched_clock: Marking stable (1649584962, 0)->(2189665671, -540080709)
[    1.657686] registered taskstats version 1
[    1.660284] Loading compiled-in X.509 certificates
[    1.674349] Loaded X.509 cert 'Build time autogenerated kernel key: f4f7241365689b0cbe3898188e65e316fd8f978d'
[    1.684292] zswap: loaded using pool lzo/zbud
[    1.712710] Key type big_key registered
[    1.717231] Key type trusted registered
[    1.733095] Key type encrypted registered
[    1.736595] AppArmor: AppArmor sha1 policy hashing enabled
[    1.741236] ima: No TPM chip found, activating TPM-bypass! (rc=-19)
[    1.747783] ima: Allocated hash algorithm: sha1
[    1.751723] evm: HMAC attrs: 0x1
[    1.755183]   Magic number: 15:786:414
[    1.759386] rtc_cmos rtc_cmos: setting system clock to 2019-12-26 04:26:21 UTC (1577334381)
[    1.766401] BIOS EDD facility v0.16 2004-Jun-25, 0 devices found
[    1.771399] EDD information not available.
[    1.782871] Freeing unused kernel image memory: 2428K
[    1.809862] Write protecting the kernel read-only data: 20480k
[    1.821516] Freeing unused kernel image memory: 2008K
[    1.831979] Freeing unused kernel image memory: 1880K
[    1.853346] x86/mm: Checked W+X mappings: passed, no W+X pages found.
[    1.862175] x86/mm: Checking user space page tables
[    1.882540] x86/mm: Checked W+X mappings: passed, no W+X pages found.
Loading, please wait...
starting version 237
[    2.197068] e1000: Intel(R) PRO/1000 Network Driver - version 7.3.21-k8-NAPI
[    2.200831] e1000: Copyright (c) 1999-2006 Intel Corporation.
[    2.222121] Fusion MPT base driver 3.04.20
[    2.234981] Copyright (c) 1999-2008 LSI Corporation
[    2.268012] Fusion MPT SPI Host driver 3.04.20
[    2.302930] SSE version of gcm_enc/dec engaged.
[    2.462007] input: ImExPS/2 Generic Explorer Mouse as /devices/platform/i8042/serio1/input/input4
[    2.824239] e1000 0000:00:03.0 eth0: (PCI:33MHz:32-bit) 02:b7:1f:33:e9:24
[    2.827873] e1000 0000:00:03.0 eth0: Intel(R) PRO/1000 Network Connection
[    3.374430] e1000 0000:00:08.0 eth1: (PCI:33MHz:32-bit) 08:00:27:92:9d:98
[    3.380382] e1000 0000:00:08.0 eth1: Intel(R) PRO/1000 Network Connection
[    3.389171] e1000 0000:00:03.0 enp0s3: renamed from eth0
[    3.395043] mptbase: ioc0: Initiating bringup
[    3.408806] e1000 0000:00:08.0 enp0s8: renamed from eth1
[    3.499538] ioc0: LSI53C1030 A0: Capabilities={Initiator}
[    3.768546] scsi host2: ioc0: LSI53C1030 A0, FwRev=00000000h, Ports=1, MaxQ=256, IRQ=20
[    3.943892] scsi 2:0:0:0: Direct-Access     VBOX     HARDDISK         1.0  PQ: 0 ANSI: 5
[    4.199120] scsi target2:0:0: Beginning Domain Validation
[    4.214953] scsi target2:0:0: Domain Validation skipping write tests
[    4.218112] scsi target2:0:0: Ending Domain Validation
[    4.220825] scsi target2:0:0: asynchronous
[    4.224134] scsi 2:0:1:0: Direct-Access     VBOX     HARDDISK         1.0  PQ: 0 ANSI: 5
[    4.441528] scsi target2:0:1: Beginning Domain Validation
[    4.446717] random: fast init done
[    4.461024] scsi target2:0:1: Domain Validation skipping write tests
[    4.464493] scsi target2:0:1: Ending Domain Validation
[    4.467441] scsi target2:0:1: asynchronous
[    4.487820] random: systemd-udevd: uninitialized urandom read (16 bytes read)
[    4.492251] random: systemd-udevd: uninitialized urandom read (16 bytes read)
[    4.495664] random: systemd-udevd: uninitialized urandom read (16 bytes read)
[    4.499874] sd 2:0:0:0: Attached scsi generic sg0 type 0
[    4.504843] sd 2:0:1:0: Attached scsi generic sg1 type 0
[    4.510589] sd 2:0:0:0: [sda] 20971520 512-byte logical blocks: (10.7 GB/10.0 GiB)
[    4.514818] sd 2:0:1:0: [sdb] 20480 512-byte logical blocks: (10.5 MB/10.0 MiB)
[    4.518519] sd 2:0:0:0: [sda] Write Protect is off
[    4.522577] sd 2:0:1:0: [sdb] Write Protect is off
[    4.527704] sd 2:0:0:0: [sda] Incomplete mode parameter data
[    4.531174] sd 2:0:0:0: [sda] Assuming drive cache: write through
[    4.536900] sd 2:0:1:0: [sdb] Incomplete mode parameter data
[    4.540474] sd 2:0:1:0: [sdb] Assuming drive cache: write through
[    4.551328]  sda: sda1
[    4.561284] sd 2:0:1:0: [sdb] Attached SCSI disk
[    4.566704] sd 2:0:0:0: [sda] Attached SCSI disk
Begin: Loading essential drivers ... [    6.920836] raid6: sse2x1   gen()  1497 MB/s
[    6.968506] raid6: sse2x1   xor()  2608 MB/s
[    7.016793] raid6: sse2x2   gen()   480 MB/s
[    7.065200] raid6: sse2x2   xor()  2969 MB/s
[    7.112481] raid6: sse2x4   gen()   658 MB/s
[    7.164520] raid6: sse2x4   xor()   656 MB/s
[    7.166819] raid6: using algorithm sse2x1 gen() 1497 MB/s
[    7.169444] raid6: .... xor() 2608 MB/s, rmw enabled
[    7.172143] raid6: using ssse3x2 recovery algorithm
[    7.180997] xor: measuring software checksum speed
[    7.237424]    prefetch64-sse: 17053.000 MB/sec
[    7.288747]    generic_sse: 11404.000 MB/sec
[    7.290937] xor: using function: prefetch64-sse (17053.000 MB/sec)
[    7.302222] async_tx: api initialized (async)
done.
Begin: Running /scripts/init-premount ... done.
Begin: Mounting root file system ... Begin: Running /scripts/local-top ... done.
Begin: Running /scripts/local-premount ... [    7.461614] Btrfs loaded, crc32c=crc32c-intel
Scanning for Btrfs filesystems
done.
Warning: fsck not present, so skipping root file system
[    7.588879] EXT4-fs (sda1): mounted filesystem with ordered data mode. Opts: (null)
done.
Begin: Running /scripts/local-bottom ... done.
Begin: Running /scripts/init-bottom ... done.
[    8.205903] ip_tables: (C) 2000-2006 Netfilter Core Team
[    8.247020] systemd[1]: systemd 237 running in system mode. (+PAM +AUDIT +SELINUX +IMA +APPARMOR +SMACK +SYSVINIT +UTMP +LIBCRYPTSETUP +GCRYPT +GNUTLS +ACL +XZ +LZ4 +SECCOMP +BLKID +ELFUTILS +KMOD -IDN2 +IDN -PCRE2 default-hierarchy=hybrid)
[    8.260738] systemd[1]: Detected virtualization oracle.
[    8.266012] systemd[1]: Detected architecture x86-64.

Welcome to [1mUbuntu 18.04.3 LTS[0m!

[    8.298040] systemd[1]: Set hostname to <ubuntu>.
[    8.320844] systemd[1]: Initializing machine ID from random generator.
[    8.324971] systemd[1]: Installed transient /etc/machine-id file.
[    9.269170] systemd[1]: Reached target User and Group Name Lookups.
[[0;32m  OK  [0m] Reached target User and Group Name Lookups.
[    9.275560] systemd[1]: Reached target System Time Synchronized.
[[0;32m  OK  [0m] Reached target System Time Synchronized.
[    9.286631] systemd[1]: Created slice User and Session Slice.
[[0;32m  OK  [0m] Created slice User and Session Slice.
[    9.291908] systemd[1]: Created slice System Slice.
[[0;32m  OK  [0m] Created slice System Slice.
[[0;32m  OK  [0m] Listening on udev Kernel Socket.
[[0;32m  OK  [0m] Listening on Network Service Netlink Socket.
[[0;32m  OK  [0m] Created slice system-serial\x2dgetty.slice.
[[0;32m  OK  [0m] Listening on Journal Audit Socket.
[[0;32m  OK  [0m] Listening on Journal Socket.
         Starting Remount Root and Kernel File Systems...
         Starting Create list of required st…ce nodes for the current kernel...
         Mounting POSIX Message Queue File System...
[[0;32m  OK  [0m] Listening on Journal Socket (/dev/log).
         Mounting Kernel Debug File System...
[[0;32m  OK  [0m] Listening on Syslog Socket.
         Starting Journal Service...
[[0;32m  OK  [[    9.397075] EXT4-fs (sda1): re-mounted. Opts: (null)
0m] Started Forward Password Requests to Wall Directory Watch.
[[0;32m  OK  [0m] Listening on /dev/initctl Compatibility Named Pipe.
         Starting Load Kernel Modules...
[[0;32m  OK  [0m] Listening on Device-mapper event daemon FIFOs.
[[0;32m  OK  [0m] Set up automount Arbitrary Executab…rmats File System Automount Point.
         Starting Uncomplicated firewall...
         Mounting Huge Pages File System...
[[0;32m  OK  [0m] Reached target Swap.
[[0;32m  OK  [0m] Listening on udev Control Socket.
         Starting udev Coldplug all Devices...
[[0;32m  OK  [0m] Listening on LVM2 poll daemon socket.
[[0;32m  OK  [0m] Reached target Slices.
[[0;32m  OK  [0m] Listening on LVM2 metadata daemon socket.
[    9.491715] Loading iSCSI transport class v2.0-870.
         Starting Monitoring of LVM2 mirrors…ng dmeventd or progress polling...
         Starting Set the console keyboard layout...
[[0;32m  OK  [0m] Started Remount Root and Kernel File Systems.
[[0;32m  OK  [0m] Started Create list of required sta…vice nodes for the current kernel.
[[0;32m  OK  [0m] Mounted POSIX Message Queue File System.
[[0;32m  OK  [0m] Mounted Kernel Debug File System.
[[0;32m  OK  [0m] Started Uncomplicated firewall.
[[0;32m  OK  [0m] Mounted Huge Pages File System.
[    9.598040] iscsi: registered transport (tcp)
         Starting Create Static Device Nodes in /dev...
         Starting Load/Save Random Seed...
[[0;32m  OK  [0m] Started Journal Service.
         Starting Flush Journal to Persistent Storage...
[[0;32m  OK  [0m] Started Create Static Device Nodes in /dev.
         Starting udev Kernel Device Manager...[    9.832909] iscsi: registered transport (iser)

[[0;32m  OK  [0m] Started Load Kernel Modules.
         Starting Apply Kernel Variables...
         Mounting Kernel Configuration File System...
         Mounting FUSE Control File System...
[[0;32m  OK  [0m] Started Load/Save Random Seed.
[[0;32m  OK  [0m] Mounted Kernel Configuration File System.
[[0;32m  OK  [0m] Mounted FUSE Control File System.
[    9.959381] systemd-journald[395]: Received request to flush runtime journal from PID 1
[[0;32m  OK  [0m] Started LVM2 metadata daemon.
[[0;32m  OK  [0m] Started Apply Kernel Variables.
[[0;32m  OK  [0m] Started udev Coldplug all Devices.
[[0;32m  OK  [0m] Started udev Kernel Device Manager.
[[0;32m  OK  [0m] Started Flush Journal to Persistent Storage.
[[0;32m  OK  [0m] Started Monitoring of LVM2 mirrors,…sing dmeventd or progress polling.
[[0;32m  OK  [0m] Started Set the console keyboard layout.
[[0;32m  OK  [0m] Started Dispatch Password Requests to Console Directory Watch.
[[0;32m  OK  [0m] Reached target Local Encrypted Volumes.
[[0;32m  OK  [0m] Reached target Local File Systems (Pre).
[[0;32m  OK  [0m] Reached target Local File Systems.
         Starting Set console font and keymap...
         Starting Create Volatile Files and Directories...
         Starting Tell Plymouth To Write Out Runtime Data...
         Starting ebtables ruleset management...
         Starting AppArmor initialization...
         Starting Commit a transient machine-id on disk...
[[0;32m  OK  [0m] Started Set console font and keymap.
[[0;32m  OK  [0m] Started Tell Plymouth To Write Out Runtime Data.
[[0;32m  OK  [0m] Started Create Volatile Files and Directories.
         Starting Update UTMP about System Boot/Shutdown...
[[0;32m  OK  [0m] Started Commit a transient machine-id on disk.
[[0;32m  OK  [0m] Started Update UTMP about System Boot/Shutdown.
[[0;32m  OK  [0m] Started ebtables ruleset management.
[[0;32m  OK  [0m] Found device /dev/ttyS0.
[[0;32m  OK  [0m] Listening on Load/Save RF Kill Switch Status /dev/rfkill Watch.
[[0;32m  OK  [0m] Started AppArmor initialization.
         Starting Initial cloud-init job (pre-networking)...
[   19.051935] cloud-init[549]: Cloud-init v. 19.3-41-gc4735dd3-0ubuntu1~18.04.1 running 'init-local' at Thu, 26 Dec 2019 04:26:37 +0000. Up 17.55 seconds.
[[0;32m  OK  [0m] Started Initial cloud-init job (pre-networking).
[[0;32m  OK  [0m] Reached target Network (Pre).
         Starting Network Service...
[[0;32m  OK  [0m] Started Network Service.
         Starting Wait for Network to be Configured...
         Starting Network Name Resolution...
[[0;32m  OK  [0m] Started Network Name Resolution.
[[0;32m  OK  [0m] Reached target Network.
[[0;32m  OK  [0m] Reached target Host and Network Name Lookups.
[[0;32m  OK  [0m] Started Wait for Network to be Configured.
         Starting Initial cloud-init job (metadata service crawler)...
[   23.207052] cloud-init[639]: Cloud-init v. 19.3-41-gc4735dd3-0ubuntu1~18.04.1 running 'init' at Thu, 26 Dec 2019 04:26:42 +0000. Up 22.61 seconds.
[   23.224687] cloud-init[639]: ci-info: ++++++++++++++++++++++++++++++++++++++Net device info+++++++++++++++++++++++++++++++++++++++
[   23.236508] cloud-init[639]: ci-info: +--------+-------+----------------------------+---------------+--------+-------------------+
[   23.239333] cloud-init[639]: ci-info: | Device |   Up  |          Address           |      Mask     | Scope  |     Hw-Address    |
[   23.253156] cloud-init[639]: ci-info: +--------+-------+----------------------------+---------------+--------+-------------------+
[   23.259810] cloud-init[639]: ci-info: | enp0s3 |  True |         10.0.2.15          | 255.255.255.0 | global | 02:b7:1f:33:e9:24 |
[   23.264592] cloud-init[639]: ci-info: | enp0s3 |  True | fe80::b7:1fff:fe33:e924/64 |       .       |  link  | 02:b7:1f:33:e9:24 |
[   23.267144] cloud-init[639]: ci-info: | enp0s8 | False |             .              |       .       |   .    | 08:00:27:92:9d:98 |
[   23.270109] cloud-init[639]: ci-info: |   lo   |  True |         127.0.0.1          |   255.0.0.0   |  host  |         .         |
[   23.272743] cloud-init[639]: ci-info: |   lo   |  True |          ::1/128           |       .       |  host  |         .         |
[   23.285079] cloud-init[639]: ci-info: +--------+-------+----------------------------+---------------+--------+-------------------+
[   23.297039] cloud-init[639]: ci-info: ++++++++++++++++++++++++++++Route IPv4 info+++++++++++++++++++++++++++++
[   23.299523] cloud-init[639]: ci-info: +-------+-------------+----------+-----------------+-----------+-------+
[   23.313323] cloud-init[639]: ci-info: | Route | Destination | Gateway  |     Genmask     | Interface | Flags |
[   23.315668] cloud-init[639]: ci-info: +-------+-------------+----------+-----------------+-----------+-------+
[   23.319573] cloud-init[639]: ci-info: |   0   |   0.0.0.0   | 10.0.2.2 |     0.0.0.0     |   enp0s3  |   UG  |
[   23.322177] cloud-init[639]: ci-info: |   1   |   10.0.2.0  | 0.0.0.0  |  255.255.255.0  |   enp0s3  |   U   |
[   23.324309] cloud-init[639]: ci-info: |   2   |   10.0.2.2  | 0.0.0.0  | 255.255.255.255 |   enp0s3  |   UH  |
[   23.326084] cloud-init[639]: ci-info: +-------+-------------+----------+-----------------+-----------+-------+
[   23.340499] cloud-init[639]: ci-info: +++++++++++++++++++Route IPv6 info+++++++++++++++++++
[   23.342917] cloud-init[639]: ci-info: +-------+-------------+---------+-----------+-------+
[   23.344733] cloud-init[639]: ci-info: | Route | Destination | Gateway | Interface | Flags |
[   23.346527] cloud-init[639]: ci-info: +-------+-------------+---------+-----------+-------+
[   23.349266] cloud-init[639]: ci-info: |   1   |  fe80::/64  |    ::   |   enp0s3  |   U   |
[   23.351927] cloud-init[639]: ci-info: |   3   |    local    |    ::   |   enp0s3  |   U   |
[   23.355714] cloud-init[639]: ci-info: |   4   |   ff00::/8  |    ::   |   enp0s3  |   U   |
[   23.361488] cloud-init[639]: ci-info: +-------+-------------+---------+-----------+-------+
[   25.533111] cloud-init[639]: Generating public/private rsa key pair.
[   25.534973] cloud-init[639]: Your identification has been saved in /etc/ssh/ssh_host_rsa_key.
[   25.536983] cloud-init[639]: Your public key has been saved in /etc/ssh/ssh_host_rsa_key.pub.
[   25.539137] cloud-init[639]: The key fingerprint is:
[   25.541008] cloud-init[639]: SHA256:GCtvTXZY/VA6QSxGirqh55ugcuy7MhsJ1M2hznhxemE root@ubuntu-bionic
[   25.542998] cloud-init[639]: The key's randomart image is:
[   25.544287] cloud-init[639]: +---[RSA 2048]----+
[   25.545802] cloud-init[639]: |     .   ..oo .  |
[   25.547044] cloud-init[639]: |  . + .. .o..+   |
[   25.559320] cloud-init[639]: | . + Eo ....=    |
[   25.561191] cloud-init[639]: |. + =..+ o   +   |
[   25.579804] cloud-init[639]: |.. =+.o S .   .  |
[   25.583755] cloud-init[639]: |.....= + .       |
[   25.589419] cloud-init[639]: |o.o o o .        |
[   25.604851] cloud-init[639]: |+oo+ o           |
[   25.606282] cloud-init[639]: |+*+o+.           |
[   25.607906] cloud-init[639]: +----[SHA256]-----+
[   25.609471] cloud-init[639]: Generating public/private dsa key pair.
[   25.611102] cloud-init[639]: Your identification has been saved in /etc/ssh/ssh_host_dsa_key.
[   25.614063] cloud-init[639]: Your public key has been saved in /etc/ssh/ssh_host_dsa_key.pub.
[   25.616500] cloud-init[639]: The key fingerprint is:
[   25.617937] cloud-init[639]: SHA256:gvbYZdItMg8f//GnOGchbTsPHcOUHA6TIWlQhjG7rrA root@ubuntu-bionic
[   25.620699] cloud-init[639]: The key's randomart image is:
[   25.623757] cloud-init[639]: +---[DSA 1024]----+
[   25.639627] cloud-init[639]: |         +=+.+o. |
[   25.653205] cloud-init[639]: |         .+o..= o|
[   25.655094] cloud-init[639]: |         ..    = |
[   25.656794] cloud-init[639]: |     . . ..   o  |
[   25.658341] cloud-init[639]: |    o * S..  . + |
[   25.661653] cloud-init[639]: |   . + @.+  . +.o|
[   25.679804] cloud-init[639]: |    ..o o.. .o.o.|
[   25.683392] cloud-init[639]: |      o .  ..+=..|
[   25.686660] cloud-init[639]: |     E .    o+o=.|
[   25.690103] cloud-init[639]: +----[SHA256]-----+
[   25.691945] cloud-init[639]: Generating public/private ecdsa key pair.
[   25.694749] cloud-init[639]: Your identification has been saved in /etc/ssh/ssh_host_ecdsa_key.
[   25.709417] cloud-init[639]: Your public key has been saved in /etc/ssh/ssh_host_ecdsa_key.pub.
[   25.711472] cloud-init[639]: The key fingerprint is:
[   25.729830] cloud-init[639]: SHA256:QjJCNl4lEp24cNTLFi3oCsG9as8msCqxfIBFQ2xO/V0 root@ubuntu-bionic
[   25.749756] cloud-init[639]: The key's randomart image is:
[   25.770211] cloud-init[639]: +---[ECDSA 256]---+
[   25.786013] cloud-init[639]: |.+XBo+.          |
[   25.789927] cloud-init[639]: |o=X=B..   E      |
[[0;32m  OK  [0m] Started Initial cloud-init job (metadata service crawler).
[   25.800687] cloud-init[639]: | Xo++=.. .       |
[[0;32m  OK  [0m[   25.804577] cloud-init[639]: |. =o++. .        |
[   25.804955] cloud-init[639]: |oo..  . S        |
[   25.805463] cloud-init[639]: |=+     .         |
[   25.805816] cloud-init[639]: |+++              |
[   25.806173] cloud-init[639]: |+o =             |
[   25.806586] cloud-init[639]: |+ +              |
[   25.807066] cloud-init[639]: +----[SHA256]-----+
[   25.807648] cloud-init[639]: Generating public/private ed25519 key pair.
[   25.808432] cloud-init[639]: Your identification has been saved in /etc/ssh/ssh_host_ed25519_key.
[   25.808780] cloud-init[639]: Your public key has been saved in /etc/ssh/ssh_host_ed25519_key.pub.
[   25.809205] cloud-init[639]: The key fingerprint is:
[   25.809671] cloud-init[639]: SHA256:EYA7UqH2DTM0sv3OAzrHruyqYjL/BSoHPb7w2eRqBEc root@ubuntu-bionic
[   25.810043] cloud-init[639]: The key's randomart image is:
[   25.810679] cloud-init[639]: +--[ED25519 256]--+
[   25.811120] cloud-init[639]: |  . +o...        |
[   25.811384] cloud-init[639]: |  E*o.   .       |
[   25.811579] cloud-init[639]: | .+.=.  .        |
[   25.811927] cloud-init[639]: |.oo.o*   .       |
[   25.812534] cloud-init[639]: |.oo.+.o S        |
[   25.813173] cloud-init[639]: | o.= =           |
[   25.813646] cloud-init[639]: |o.* + =          |
[   25.814136] cloud-init[639]: |+B.X . .         |
[   25.814698] cloud-init[639]: |B*X+=            |
[   25.815089] cloud-init[639]: +----[SHA256]-----+
] Reached target System Initialization.
[[0;32m  OK  [0m] Listening on Open-iSCSI iscsid Socket.
[[0;32m  OK  [0m] Listening on ACPID Listen Socket.
[[0;32m  OK  [0m] Started ACPI Events Check.
         Starting LXD - unix socket.
[[0;32m  OK  [0m] Reached target Paths.
[[0;32m  OK  [0m] Started Message of the Day.
[[0;32m  OK  [0m] Started Discard unused blocks once a week.
[[0;32m  OK  [0m] Listening on UUID daemon activation socket.
[[0;32m  OK  [0m] Started Daily Cleanup of Temporary Directories.
         Starting Socket activation for snappy daemon.
[[0;32m  OK  [0m] Started Daily apt download activities.
[[0;32m  OK  [0m] Started Daily apt upgrade and clean activities.
[[0;32m  OK  [0m] Reached target Timers.
[[0;32m  OK  [0m] Listening on D-Bus System Message Bus Socket.
[[0;32m  OK  [0m] Reached target Network is Online.
[[0;32m  OK  [0m] Reached target Remote File Systems (Pre).
[[0;32m  OK  [0m] Reached target Remote File Systems.
         Starting Availability of block devices...
[[0;32m  OK  [0m] Reached target Cloud-config availability.
[[0;32m  OK  [0m] Listening on LXD - unix socket.
[[0;32m  OK  [0m] Listening on Socket activation for snappy daemon.
[[0;32m  OK  [0m] Started Availability of block devices.
[[0;32m  OK  [0m] Reached target Sockets.
[[0;32m  OK  [0m] Reached target Basic System.
[[0;32m  OK  [0m] Started FUSE filesystem for LXC.
         Starting System Logging Service...
         Starting LSB: Record successful boot for GRUB...
[[0;32m  OK  [0m] Started Deferred execution scheduler.
         Starting Login Service...
         Starting Accounts Service...
         Starting Pollinate to seed the pseudo random number generator...
         Starting Dispatcher daemon for systemd-networkd...
[[0;32m  OK  [0m] Started Regular background program processing daemon.
         Starting Permit User Sessions...
[[0;32m  OK  [0m] Started irqbalance daemon.
[[0;32m  OK  [0m] Started D-Bus System Message Bus.
         Starting Virtualbox guest utils...
         Starting LSB: automatic crash report generation...
         Starting Snappy daemon...
         Starting LXD - container startup/shutdown...
[[0;32m  OK  [0m] Started System Logging Service.
[[0;32m  OK  [0m] Started Permit User Sessions.
[[0;32m  OK  [0m] Started Login Service.
[[0;32m  OK  [0m] Started Unattended Upgrades Shutdown.
         Starting Terminate Plymouth Boot Screen...
         Starting Hold until boot process finishes up...
[[0;32m  OK  [0m] Started Hold until boot process finishes up.
[[0;32m  OK  [0m] Started Terminate Plymouth Boot Screen.
[[0;32m  OK  [0m] Started Serial Getty on ttyS0.
         Starting Set console scheme...
[[0;32m  OK  [0m] Started Set console scheme.
[[0;32m  OK  [0m] Created slice system-getty.slice.
[[0;32m  OK  [0m] Started Getty on tty1.
[[0;32m  OK  [0m] Reached target Login Prompts.
         Starting Authorization Manager...
[[0;32m  OK  [0m] Started LSB: automatic crash report generation.
[[0;32m  OK  [0m] Started LSB: Record successful boot for GRUB.
[[0;32m  OK  [0m] Started Authorization Manager.
[[0;32m  OK  [0m] Started Accounts Service.
[[0;32m  OK  [0m] Started Virtualbox guest utils.
[[0;32m  OK  [0m] Started LXD - container startup/shutdown.
[[0;32m  OK  [0m] Started Dispatcher daemon for systemd-networkd.
[[0;32m  OK  [0m] Started Snappy daemon.
         Starting Wait until snapd is fully seeded...

Ubuntu 18.04.3 LTS ubuntu-bionic ttyS0

ubuntu-bionic login: [   40.158703] cloud-init[1088]: Cloud-init v. 19.3-41-gc4735dd3-0ubuntu1~18.04.1 running 'modules:config' at Thu, 26 Dec 2019 04:26:57 +0000. Up 38.25 seconds.
ci-info: no authorized ssh keys fingerprints found for user ubuntu.
<14>Dec 26 04:27:02 ec2: 
<14>Dec 26 04:27:02 ec2: #############################################################
<14>Dec 26 04:27:02 ec2: -----BEGIN SSH HOST KEY FINGERPRINTS-----
<14>Dec 26 04:27:02 ec2: 1024 SHA256:gvbYZdItMg8f//GnOGchbTsPHcOUHA6TIWlQhjG7rrA root@ubuntu-bionic (DSA)
<14>Dec 26 04:27:02 ec2: 256 SHA256:QjJCNl4lEp24cNTLFi3oCsG9as8msCqxfIBFQ2xO/V0 root@ubuntu-bionic (ECDSA)
<14>Dec 26 04:27:02 ec2: 256 SHA256:EYA7UqH2DTM0sv3OAzrHruyqYjL/BSoHPb7w2eRqBEc root@ubuntu-bionic (ED25519)
<14>Dec 26 04:27:02 ec2: 2048 SHA256:GCtvTXZY/VA6QSxGirqh55ugcuy7MhsJ1M2hznhxemE root@ubuntu-bionic (RSA)
<14>Dec 26 04:27:02 ec2: -----END SSH HOST KEY FINGERPRINTS-----
<14>Dec 26 04:27:02 ec2: #############################################################
-----BEGIN SSH HOST KEY KEYS-----
ecdsa-sha2-nistp256 AAAAE2VjZHNhLXNoYTItbmlzdHAyNTYAAAAIbmlzdHAyNTYAAABBBBnznQhniYAdmvbw54ynFzsZUv206W6FlJCKLA7U5hR16K3JiPmIClPfwqQDr4M/OC8gokf7XfMD9perTpJ4LN8= root@ubuntu-bionic
ssh-ed25519 AAAAC3NzaC1lZDI1NTE5AAAAIDpsqsi49wgWkS6WGi2gL32+txFtfWCM/Qm3JXJzj3uB root@ubuntu-bionic
ssh-rsa AAAAB3NzaC1yc2EAAAADAQABAAABAQDKCRjAyFKyMWVmCFfTHGCpNjtE/2esBqP21ANLCRhvkfIT8ylRHd0uat36XZ8XdxXCC3I6JsfiLjxCJLNP3NbH950kM3mxceNCdwLfGcpPogvqa/AxYOkiG7eq6dr8IL/GJcSLtTw0rE8AZypsA5Kor1b1xrGwV61zaI6aBlPCASRESdvBFqIg0hZoF4/MGAIQorghaa/03SONK42irzoL+q5x/hjFo4sW1OsG4ruG1JoqHjdBlwPXuYwmsijVynV7p3OUH/GKi1+GKw1RNjA+pEMzTrI5i4O634QpTsu8F4wjUOMvfE+ruxk6nI9/7DBXtm3uUnz/1IzEp0D/Em0x root@ubuntu-bionic
-----END SSH HOST KEY KEYS-----
[   42.894055] cloud-init[1194]: Cloud-init v. 19.3-41-gc4735dd3-0ubuntu1~18.04.1 running 'modules:final' at Thu, 26 Dec 2019 04:27:01 +0000. Up 42.18 seconds.
[   42.894455] cloud-init[1194]: ci-info: no authorized ssh keys fingerprints found for user ubuntu.
[   42.894792] cloud-init[1194]: Cloud-init v. 19.3-41-gc4735dd3-0ubuntu1~18.04.1 finished at Thu, 26 Dec 2019 04:27:02 +0000. Datasource DataSourceNoCloud [seed=/dev/sdb][dsmode=net].  Up 42.85 seconds
